2016/08/12 14:14:19 [error] [exception.CHttpException.404] exception 'CHttpException' with message 'The system is unable to find the requested action "update".' in /mnt/hgfs/www/test/yii/framework/web/CController.php:483
Stack trace:
#0 /mnt/hgfs/www/test/yii/framework/web/CController.php(270): CController->missingAction('update')
#1 /mnt/hgfs/www/test/yii/framework/web/CWebApplication.php(282): CController->run('update')
#2 /mnt/hgfs/www/test/yii/framework/web/CWebApplication.php(141): CWebApplication->runController('Admin/news/upda...')
#3 /mnt/hgfs/www/test/yii/framework/base/CApplication.php(180): CWebApplication->processRequest()
#4 /mnt/hgfs/www/test/yii/phpfun/index.php(16): CApplication->run()
#5 {main}
REQUEST_URI=/yii/phpfun/index.php?r=Admin/news/update&id=13
HTTP_REFERER=http://www.test.com/yii/phpfun/index.php?r=Admin/news/index
---
2016/08/12 14:15:57 [error] [exception.CHttpException.404] exception 'CHttpException' with message 'The system is unable to find the requested action "update".' in /mnt/hgfs/www/test/yii/framework/web/CController.php:483
Stack trace:
#0 /mnt/hgfs/www/test/yii/framework/web/CController.php(270): CController->missingAction('update')
#1 /mnt/hgfs/www/test/yii/framework/web/CWebApplication.php(282): CController->run('update')
#2 /mnt/hgfs/www/test/yii/framework/web/CWebApplication.php(141): CWebApplication->runController('Admin/news/upda...')
#3 /mnt/hgfs/www/test/yii/framework/base/CApplication.php(180): CWebApplication->processRequest()
#4 /mnt/hgfs/www/test/yii/phpfun/index.php(16): CApplication->run()
#5 {main}
REQUEST_URI=/yii/phpfun/index.php?r=Admin/news/update&id=14
HTTP_REFERER=http://www.test.com/yii/phpfun/index.php?r=Admin/news/index
---
2016/08/12 14:29:04 [error] [php] Undefined index: title (/mnt/hgfs/www/test/yii/phpfun/protected/modules/Admin/controllers/NewsController.php:66)
Stack trace:
#0 /mnt/hgfs/www/test/yii/framework/web/CController.php(286): NewsController->runAction()
#1 /mnt/hgfs/www/test/yii/framework/web/CController.php(265): NewsController->runActionWithFilters()
#2 /mnt/hgfs/www/test/yii/framework/web/CWebApplication.php(282): NewsController->run()
#3 /mnt/hgfs/www/test/yii/framework/web/CWebApplication.php(141): CWebApplication->runController()
#4 /mnt/hgfs/www/test/yii/framework/base/CApplication.php(180): CWebApplication->processRequest()
#5 /mnt/hgfs/www/test/yii/phpfun/index.php(16): CWebApplication->run()
REQUEST_URI=/yii/phpfun/index.php?r=Admin/news/update&id=14
in /mnt/hgfs/www/test/yii/phpfun/protected/modules/Admin/controllers/NewsController.php (66)
in /mnt/hgfs/www/test/yii/phpfun/index.php (16)
2016/08/12 14:48:06 [error] [php] Object of class News could not be converted to string (/mnt/hgfs/www/test/yii/phpfun/protected/modules/Admin/controllers/NewsController.php:49)
Stack trace:
#0 /mnt/hgfs/www/test/yii/framework/web/CController.php(286): NewsController->runAction()
#1 /mnt/hgfs/www/test/yii/framework/web/CController.php(265): NewsController->runActionWithFilters()
#2 /mnt/hgfs/www/test/yii/framework/web/CWebApplication.php(282): NewsController->run()
#3 /mnt/hgfs/www/test/yii/framework/web/CWebApplication.php(141): CWebApplication->runController()
#4 /mnt/hgfs/www/test/yii/framework/base/CApplication.php(180): CWebApplication->processRequest()
#5 /mnt/hgfs/www/test/yii/phpfun/index.php(16): CWebApplication->run()
REQUEST_URI=/yii/phpfun/index.php?r=Admin/news/update&id=14
in /mnt/hgfs/www/test/yii/phpfun/protected/modules/Admin/controllers/NewsController.php (49)
in /mnt/hgfs/www/test/yii/phpfun/index.php (16)
2016/08/12 15:14:26 [error] [php] Undefined variable: content (/mnt/hgfs/www/test/yii/phpfun/protected/modules/Admin/views/news/update.php:55)
Stack trace:
#0 /mnt/hgfs/www/test/yii/framework/web/CController.php(869): NewsController->renderFile()
#1 /mnt/hgfs/www/test/yii/phpfun/protected/modules/Admin/controllers/NewsController.php(48): NewsController->renderPartial()
#2 /mnt/hgfs/www/test/yii/framework/web/actions/CInlineAction.php(49): NewsController->actionUpdate()
#3 /mnt/hgfs/www/test/yii/framework/web/CController.php(308): CInlineAction->runWithParams()
#4 /mnt/hgfs/www/test/yii/framework/web/CController.php(286): NewsController->runAction()
#5 /mnt/hgfs/www/test/yii/framework/web/CController.php(265): NewsController->runActionWithFilters()
#6 /mnt/hgfs/www/test/yii/framework/web/CWebApplication.php(282): NewsController->run()
#7 /mnt/hgfs/www/test/yii/framework/web/CWebApplication.php(141): CWebApplication->runController()
#8 /mnt/hgfs/www/test/yii/framework/base/CApplication.php(180): CWebApplication->processRequest()
#9 /mnt/hgfs/www/test/yii/phpfun/index.php(16): CWebApplication->run()
REQUEST_URI=/yii/phpfun/index.php?r=Admin/news/update&id=15
in /mnt/hgfs/www/test/yii/phpfun/protected/modules/Admin/views/news/update.php (55)
in /mnt/hgfs/www/test/yii/phpfun/protected/modules/Admin/controllers/NewsController.php (48)
in /mnt/hgfs/www/test/yii/phpfun/index.php (16)
2016/08/12 15:36:47 [error] [exception.CException] exception 'CException' with message 'News and its behaviors do not have a method or closure named "updateByPR".' in /mnt/hgfs/www/test/yii/framework/base/CComponent.php:266
Stack trace:
#0 /mnt/hgfs/www/test/yii/framework/db/ar/CActiveRecord.php(227): CComponent->__call('updateByPR', Array)
#1 /mnt/hgfs/www/test/yii/phpfun/protected/modules/Admin/controllers/NewsController.php(64): CActiveRecord->__call('updateByPR', Array)
#2 /mnt/hgfs/www/test/yii/phpfun/protected/modules/Admin/controllers/NewsController.php(64): News->updateByPR('16', Object(News))
#3 /mnt/hgfs/www/test/yii/framework/web/actions/CInlineAction.php(49): NewsController->actionUpdate()
#4 /mnt/hgfs/www/test/yii/framework/web/CController.php(308): CInlineAction->runWithParams(Array)
#5 /mnt/hgfs/www/test/yii/framework/web/CController.php(286): CController->runAction(Object(CInlineAction))
#6 /mnt/hgfs/www/test/yii/framework/web/CController.php(265): CController->runActionWithFilters(Object(CInlineAction), Array)
#7 /mnt/hgfs/www/test/yii/framework/web/CWebApplication.php(282): CController->run('update')
#8 /mnt/hgfs/www/test/yii/framework/web/CWebApplication.php(141): CWebApplication->runController('Admin/news/upda...')
#9 /mnt/hgfs/www/test/yii/framework/base/CApplication.php(180): CWebApplication->processRequest()
#10 /mnt/hgfs/www/test/yii/phpfun/index.php(16): CApplication->run()
#11 {main}
REQUEST_URI=/yii/phpfun/index.php?r=Admin/news/update&id=16
HTTP_REFERER=http://www.test.com/yii/phpfun/index.php?r=Admin/news/update&id=16
---
2016/08/12 15:40:51 [error] [exception.CException] exception 'CException' with message 'NewsController cannot find the requested view "news/index".' in /mnt/hgfs/www/test/yii/framework/web/CController.php:878
Stack trace:
#0 /mnt/hgfs/www/test/yii/phpfun/protected/modules/Admin/controllers/NewsController.php(83): CController->renderPartial('news/index', Array)
#1 /mnt/hgfs/www/test/yii/framework/web/actions/CInlineAction.php(49): NewsController->actionUpdate()
#2 /mnt/hgfs/www/test/yii/framework/web/CController.php(308): CInlineAction->runWithParams(Array)
#3 /mnt/hgfs/www/test/yii/framework/web/CController.php(286): CController->runAction(Object(CInlineAction))
#4 /mnt/hgfs/www/test/yii/framework/web/CController.php(265): CController->runActionWithFilters(Object(CInlineAction), Array)
#5 /mnt/hgfs/www/test/yii/framework/web/CWebApplication.php(282): CController->run('update')
#6 /mnt/hgfs/www/test/yii/framework/web/CWebApplication.php(141): CWebApplication->runController('Admin/news/upda...')
#7 /mnt/hgfs/www/test/yii/framework/base/CApplication.php(180): CWebApplication->processRequest()
#8 /mnt/hgfs/www/test/yii/phpfun/index.php(16): CApplication->run()
#9 {main}
REQUEST_URI=/yii/phpfun/index.php?r=Admin/news/update&id=16
HTTP_REFERER=http://www.test.com/yii/phpfun/index.php?r=Admin/news/index
---
2016/08/12 15:41:03 [error] [php] Undefined variable: datas (/mnt/hgfs/www/test/yii/phpfun/protected/modules/Admin/views/news/index.php:63)
Stack trace:
#0 /mnt/hgfs/www/test/yii/framework/web/CController.php(869): NewsController->renderFile()
#1 /mnt/hgfs/www/test/yii/phpfun/protected/modules/Admin/controllers/NewsController.php(83): NewsController->renderPartial()
#2 /mnt/hgfs/www/test/yii/framework/web/actions/CInlineAction.php(49): NewsController->actionUpdate()
#3 /mnt/hgfs/www/test/yii/framework/web/CController.php(308): CInlineAction->runWithParams()
#4 /mnt/hgfs/www/test/yii/framework/web/CController.php(286): NewsController->runAction()
#5 /mnt/hgfs/www/test/yii/framework/web/CController.php(265): NewsController->runActionWithFilters()
#6 /mnt/hgfs/www/test/yii/framework/web/CWebApplication.php(282): NewsController->run()
#7 /mnt/hgfs/www/test/yii/framework/web/CWebApplication.php(141): CWebApplication->runController()
#8 /mnt/hgfs/www/test/yii/framework/base/CApplication.php(180): CWebApplication->processRequest()
#9 /mnt/hgfs/www/test/yii/phpfun/index.php(16): CWebApplication->run()
REQUEST_URI=/yii/phpfun/index.php?r=Admin/news/update&id=16
in /mnt/hgfs/www/test/yii/phpfun/protected/modules/Admin/views/news/index.php (63)
in /mnt/hgfs/www/test/yii/phpfun/protected/modules/Admin/controllers/NewsController.php (83)
in /mnt/hgfs/www/test/yii/phpfun/index.php (16)
2016/08/12 15:41:19 [error] [php] Undefined variable: datas (/mnt/hgfs/www/test/yii/phpfun/protected/modules/Admin/views/news/index.php:63)
Stack trace:
#0 /mnt/hgfs/www/test/yii/framework/web/CController.php(869): NewsController->renderFile()
#1 /mnt/hgfs/www/test/yii/phpfun/protected/modules/Admin/controllers/NewsController.php(83): NewsController->renderPartial()
#2 /mnt/hgfs/www/test/yii/framework/web/actions/CInlineAction.php(49): NewsController->actionUpdate()
#3 /mnt/hgfs/www/test/yii/framework/web/CController.php(308): CInlineAction->runWithParams()
#4 /mnt/hgfs/www/test/yii/framework/web/CController.php(286): NewsController->runAction()
#5 /mnt/hgfs/www/test/yii/framework/web/CController.php(265): NewsController->runActionWithFilters()
#6 /mnt/hgfs/www/test/yii/framework/web/CWebApplication.php(282): NewsController->run()
#7 /mnt/hgfs/www/test/yii/framework/web/CWebApplication.php(141): CWebApplication->runController()
#8 /mnt/hgfs/www/test/yii/framework/base/CApplication.php(180): CWebApplication->processRequest()
#9 /mnt/hgfs/www/test/yii/phpfun/index.php(16): CWebApplication->run()
REQUEST_URI=/yii/phpfun/index.php?r=Admin/news/update&id=16
in /mnt/hgfs/www/test/yii/phpfun/protected/modules/Admin/views/news/index.php (63)
in /mnt/hgfs/www/test/yii/phpfun/protected/modules/Admin/controllers/NewsController.php (83)
in /mnt/hgfs/www/test/yii/phpfun/index.php (16)
2016/08/12 15:42:59 [error] [php] Undefined variable: datas (/mnt/hgfs/www/test/yii/phpfun/protected/modules/Admin/views/news/index.php:63)
Stack trace:
#0 /mnt/hgfs/www/test/yii/framework/web/CController.php(869): NewsController->renderFile()
#1 /mnt/hgfs/www/test/yii/phpfun/protected/modules/Admin/controllers/NewsController.php(83): NewsController->renderPartial()
#2 /mnt/hgfs/www/test/yii/framework/web/actions/CInlineAction.php(49): NewsController->actionUpdate()
#3 /mnt/hgfs/www/test/yii/framework/web/CController.php(308): CInlineAction->runWithParams()
#4 /mnt/hgfs/www/test/yii/framework/web/CController.php(286): NewsController->runAction()
#5 /mnt/hgfs/www/test/yii/framework/web/CController.php(265): NewsController->runActionWithFilters()
#6 /mnt/hgfs/www/test/yii/framework/web/CWebApplication.php(282): NewsController->run()
#7 /mnt/hgfs/www/test/yii/framework/web/CWebApplication.php(141): CWebApplication->runController()
#8 /mnt/hgfs/www/test/yii/framework/base/CApplication.php(180): CWebApplication->processRequest()
#9 /mnt/hgfs/www/test/yii/phpfun/index.php(16): CWebApplication->run()
REQUEST_URI=/yii/phpfun/index.php?r=Admin/news/update&id=17
in /mnt/hgfs/www/test/yii/phpfun/protected/modules/Admin/views/news/index.php (63)
in /mnt/hgfs/www/test/yii/phpfun/protected/modules/Admin/controllers/NewsController.php (83)
in /mnt/hgfs/www/test/yii/phpfun/index.php (16)
2016/08/12 15:49:37 [error] [exception.CHttpException.404] exception 'CHttpException' with message 'Unable to resolve the request "Index/index/index".' in /mnt/hgfs/www/test/yii/framework/web/CWebApplication.php:286
Stack trace:
#0 /mnt/hgfs/www/test/yii/framework/web/CWebApplication.php(141): CWebApplication->runController('Index/index/ind...')
#1 /mnt/hgfs/www/test/yii/framework/base/CApplication.php(180): CWebApplication->processRequest()
#2 /mnt/hgfs/www/test/yii/phpfun/index.php(16): CApplication->run()
#3 {main}
REQUEST_URI=/yii/phpfun/index.php?r=Index/index/index
---
2016/08/12 15:49:56 [error] [php] include(LoginForm.php): failed to open stream: No such file or directory (/mnt/hgfs/www/test/yii/framework/YiiBase.php:427)
Stack trace:
#0 /mnt/hgfs/www/test/yii/phpfun/protected/modules/Index/controllers/LoginController.php(12): spl_autoload_call()
#1 /mnt/hgfs/www/test/yii/framework/web/actions/CInlineAction.php(49): Logincontroller->actionIndex()
#2 /mnt/hgfs/www/test/yii/framework/web/CController.php(308): CInlineAction->runWithParams()
#3 /mnt/hgfs/www/test/yii/framework/web/CController.php(286): Logincontroller->runAction()
#4 /mnt/hgfs/www/test/yii/framework/web/CController.php(265): Logincontroller->runActionWithFilters()
#5 /mnt/hgfs/www/test/yii/framework/web/CWebApplication.php(282): Logincontroller->run()
#6 /mnt/hgfs/www/test/yii/framework/web/CWebApplication.php(141): CWebApplication->runController()
#7 /mnt/hgfs/www/test/yii/framework/base/CApplication.php(180): CWebApplication->processRequest()
#8 /mnt/hgfs/www/test/yii/phpfun/index.php(16): CWebApplication->run()
REQUEST_URI=/yii/phpfun/index.php?r=Index/login/index
in /mnt/hgfs/www/test/yii/phpfun/protected/modules/Index/controllers/LoginController.php (12)
in /mnt/hgfs/www/test/yii/phpfun/index.php (16)
2016/08/12 15:53:05 [error] [php] Undefined index: username (/mnt/hgfs/www/test/yii/phpfun/protected/modules/Index/controllers/NewsController.php:21)
Stack trace:
#0 /mnt/hgfs/www/test/yii/framework/web/CController.php(286): NewsController->runAction()
#1 /mnt/hgfs/www/test/yii/framework/web/CController.php(265): NewsController->runActionWithFilters()
#2 /mnt/hgfs/www/test/yii/framework/web/CWebApplication.php(282): NewsController->run()
#3 /mnt/hgfs/www/test/yii/framework/web/CWebApplication.php(141): CWebApplication->runController()
#4 /mnt/hgfs/www/test/yii/framework/base/CApplication.php(180): CWebApplication->processRequest()
#5 /mnt/hgfs/www/test/yii/phpfun/index.php(16): CWebApplication->run()
REQUEST_URI=/yii/phpfun/index.php?r=Index/news/index
in /mnt/hgfs/www/test/yii/phpfun/protected/modules/Index/controllers/NewsController.php (21)
in /mnt/hgfs/www/test/yii/phpfun/index.php (16)
2016/08/12 15:53:32 [error] [php] Undefined index: id (/mnt/hgfs/www/test/yii/phpfun/protected/modules/Index/controllers/NewsController.php:26)
Stack trace:
#0 /mnt/hgfs/www/test/yii/framework/web/CController.php(286): NewsController->runAction()
#1 /mnt/hgfs/www/test/yii/framework/web/CController.php(265): NewsController->runActionWithFilters()
#2 /mnt/hgfs/www/test/yii/framework/web/CWebApplication.php(282): NewsController->run()
#3 /mnt/hgfs/www/test/yii/framework/web/CWebApplication.php(141): CWebApplication->runController()
#4 /mnt/hgfs/www/test/yii/framework/base/CApplication.php(180): CWebApplication->processRequest()
#5 /mnt/hgfs/www/test/yii/phpfun/index.php(16): CWebApplication->run()
REQUEST_URI=/yii/phpfun/index.php?r=Index/news/read
in /mnt/hgfs/www/test/yii/phpfun/protected/modules/Index/controllers/NewsController.php (26)
in /mnt/hgfs/www/test/yii/phpfun/index.php (16)
2016/08/12 15:53:39 [error] [php] Undefined index: id (/mnt/hgfs/www/test/yii/phpfun/protected/modules/Index/controllers/NewsController.php:26)
Stack trace:
#0 /mnt/hgfs/www/test/yii/framework/web/CController.php(286): NewsController->runAction()
#1 /mnt/hgfs/www/test/yii/framework/web/CController.php(265): NewsController->runActionWithFilters()
#2 /mnt/hgfs/www/test/yii/framework/web/CWebApplication.php(282): NewsController->run()
#3 /mnt/hgfs/www/test/yii/framework/web/CWebApplication.php(141): CWebApplication->runController()
#4 /mnt/hgfs/www/test/yii/framework/base/CApplication.php(180): CWebApplication->processRequest()
#5 /mnt/hgfs/www/test/yii/phpfun/index.php(16): CWebApplication->run()
REQUEST_URI=/yii/phpfun/index.php?r=Index/news/read&4
in /mnt/hgfs/www/test/yii/phpfun/protected/modules/Index/controllers/NewsController.php (26)
in /mnt/hgfs/www/test/yii/phpfun/index.php (16)
2016/08/12 15:53:42 [error] [php] Undefined index: id (/mnt/hgfs/www/test/yii/phpfun/protected/modules/Index/controllers/NewsController.php:26)
Stack trace:
#0 /mnt/hgfs/www/test/yii/framework/web/CController.php(286): NewsController->runAction()
#1 /mnt/hgfs/www/test/yii/framework/web/CController.php(265): NewsController->runActionWithFilters()
#2 /mnt/hgfs/www/test/yii/framework/web/CWebApplication.php(282): NewsController->run()
#3 /mnt/hgfs/www/test/yii/framework/web/CWebApplication.php(141): CWebApplication->runController()
#4 /mnt/hgfs/www/test/yii/framework/base/CApplication.php(180): CWebApplication->processRequest()
#5 /mnt/hgfs/www/test/yii/phpfun/index.php(16): CWebApplication->run()
REQUEST_URI=/yii/phpfun/index.php?r=Index/news/read&2
in /mnt/hgfs/www/test/yii/phpfun/protected/modules/Index/controllers/NewsController.php (26)
in /mnt/hgfs/www/test/yii/phpfun/index.php (16)
2016/08/12 15:54:02 [error] [php] Undefined index: id (/mnt/hgfs/www/test/yii/phpfun/protected/modules/Index/controllers/NewsController.php:26)
Stack trace:
#0 /mnt/hgfs/www/test/yii/framework/web/CController.php(286): NewsController->runAction()
#1 /mnt/hgfs/www/test/yii/framework/web/CController.php(265): NewsController->runActionWithFilters()
#2 /mnt/hgfs/www/test/yii/framework/web/CWebApplication.php(282): NewsController->run()
#3 /mnt/hgfs/www/test/yii/framework/web/CWebApplication.php(141): CWebApplication->runController()
#4 /mnt/hgfs/www/test/yii/framework/base/CApplication.php(180): CWebApplication->processRequest()
#5 /mnt/hgfs/www/test/yii/phpfun/index.php(16): CWebApplication->run()
REQUEST_URI=/yii/phpfun/index.php?r=Index/news/read&2
in /mnt/hgfs/www/test/yii/phpfun/protected/modules/Index/controllers/NewsController.php (26)
in /mnt/hgfs/www/test/yii/phpfun/index.php (16)
2016/08/12 15:54:07 [error] [php] Undefined index: username (/mnt/hgfs/www/test/yii/phpfun/protected/modules/Index/controllers/NewsController.php:21)
Stack trace:
#0 /mnt/hgfs/www/test/yii/framework/web/CController.php(286): NewsController->runAction()
#1 /mnt/hgfs/www/test/yii/framework/web/CController.php(265): NewsController->runActionWithFilters()
#2 /mnt/hgfs/www/test/yii/framework/web/CWebApplication.php(282): NewsController->run()
#3 /mnt/hgfs/www/test/yii/framework/web/CWebApplication.php(141): CWebApplication->runController()
#4 /mnt/hgfs/www/test/yii/framework/base/CApplication.php(180): CWebApplication->processRequest()
#5 /mnt/hgfs/www/test/yii/phpfun/index.php(16): CWebApplication->run()
REQUEST_URI=/yii/phpfun/index.php?r=Index/news/index
in /mnt/hgfs/www/test/yii/phpfun/protected/modules/Index/controllers/NewsController.php (21)
in /mnt/hgfs/www/test/yii/phpfun/index.php (16)
2016/08/12 15:59:05 [error] [php] Undefined index: username (/mnt/hgfs/www/test/yii/phpfun/protected/modules/Index/controllers/NewsController.php:21)
Stack trace:
#0 /mnt/hgfs/www/test/yii/framework/web/CController.php(286): NewsController->runAction()
#1 /mnt/hgfs/www/test/yii/framework/web/CController.php(265): NewsController->runActionWithFilters()
#2 /mnt/hgfs/www/test/yii/framework/web/CWebApplication.php(282): NewsController->run()
#3 /mnt/hgfs/www/test/yii/framework/web/CWebApplication.php(141): CWebApplication->runController()
#4 /mnt/hgfs/www/test/yii/framework/base/CApplication.php(180): CWebApplication->processRequest()
#5 /mnt/hgfs/www/test/yii/phpfun/index.php(16): CWebApplication->run()
REQUEST_URI=/yii/phpfun/index.php?r=Index/news/index
in /mnt/hgfs/www/test/yii/phpfun/protected/modules/Index/controllers/NewsController.php (21)
in /mnt/hgfs/www/test/yii/phpfun/index.php (16)
2016/08/12 15:59:06 [error] [php] Undefined index: username (/mnt/hgfs/www/test/yii/phpfun/protected/modules/Index/controllers/NewsController.php:21)
Stack trace:
#0 /mnt/hgfs/www/test/yii/framework/web/CController.php(286): NewsController->runAction()
#1 /mnt/hgfs/www/test/yii/framework/web/CController.php(265): NewsController->runActionWithFilters()
#2 /mnt/hgfs/www/test/yii/framework/web/CWebApplication.php(282): NewsController->run()
#3 /mnt/hgfs/www/test/yii/framework/web/CWebApplication.php(141): CWebApplication->runController()
#4 /mnt/hgfs/www/test/yii/framework/base/CApplication.php(180): CWebApplication->processRequest()
#5 /mnt/hgfs/www/test/yii/phpfun/index.php(16): CWebApplication->run()
REQUEST_URI=/yii/phpfun/index.php?r=Index/news/index
in /mnt/hgfs/www/test/yii/phpfun/protected/modules/Index/controllers/NewsController.php (21)
in /mnt/hgfs/www/test/yii/phpfun/index.php (16)
2016/08/12 15:59:06 [error] [php] Undefined index: username (/mnt/hgfs/www/test/yii/phpfun/protected/modules/Index/controllers/NewsController.php:21)
Stack trace:
#0 /mnt/hgfs/www/test/yii/framework/web/CController.php(286): NewsController->runAction()
#1 /mnt/hgfs/www/test/yii/framework/web/CController.php(265): NewsController->runActionWithFilters()
#2 /mnt/hgfs/www/test/yii/framework/web/CWebApplication.php(282): NewsController->run()
#3 /mnt/hgfs/www/test/yii/framework/web/CWebApplication.php(141): CWebApplication->runController()
#4 /mnt/hgfs/www/test/yii/framework/base/CApplication.php(180): CWebApplication->processRequest()
#5 /mnt/hgfs/www/test/yii/phpfun/index.php(16): CWebApplication->run()
REQUEST_URI=/yii/phpfun/index.php?r=Index/news/index
in /mnt/hgfs/www/test/yii/phpfun/protected/modules/Index/controllers/NewsController.php (21)
in /mnt/hgfs/www/test/yii/phpfun/index.php (16)
2016/08/12 15:59:07 [error] [php] Undefined index: username (/mnt/hgfs/www/test/yii/phpfun/protected/modules/Index/controllers/NewsController.php:21)
Stack trace:
#0 /mnt/hgfs/www/test/yii/framework/web/CController.php(286): NewsController->runAction()
#1 /mnt/hgfs/www/test/yii/framework/web/CController.php(265): NewsController->runActionWithFilters()
#2 /mnt/hgfs/www/test/yii/framework/web/CWebApplication.php(282): NewsController->run()
#3 /mnt/hgfs/www/test/yii/framework/web/CWebApplication.php(141): CWebApplication->runController()
#4 /mnt/hgfs/www/test/yii/framework/base/CApplication.php(180): CWebApplication->processRequest()
#5 /mnt/hgfs/www/test/yii/phpfun/index.php(16): CWebApplication->run()
REQUEST_URI=/yii/phpfun/index.php?r=Index/news/index
in /mnt/hgfs/www/test/yii/phpfun/protected/modules/Index/controllers/NewsController.php (21)
in /mnt/hgfs/www/test/yii/phpfun/index.php (16)
2016/08/12 15:59:07 [error] [php] Undefined index: username (/mnt/hgfs/www/test/yii/phpfun/protected/modules/Index/controllers/NewsController.php:21)
Stack trace:
#0 /mnt/hgfs/www/test/yii/framework/web/CController.php(286): NewsController->runAction()
#1 /mnt/hgfs/www/test/yii/framework/web/CController.php(265): NewsController->runActionWithFilters()
#2 /mnt/hgfs/www/test/yii/framework/web/CWebApplication.php(282): NewsController->run()
#3 /mnt/hgfs/www/test/yii/framework/web/CWebApplication.php(141): CWebApplication->runController()
#4 /mnt/hgfs/www/test/yii/framework/base/CApplication.php(180): CWebApplication->processRequest()
#5 /mnt/hgfs/www/test/yii/phpfun/index.php(16): CWebApplication->run()
REQUEST_URI=/yii/phpfun/index.php?r=Index/news/index
in /mnt/hgfs/www/test/yii/phpfun/protected/modules/Index/controllers/NewsController.php (21)
in /mnt/hgfs/www/test/yii/phpfun/index.php (16)
2016/08/12 15:59:32 [error] [php] Undefined index: name (/mnt/hgfs/www/test/yii/phpfun/protected/modules/Index/controllers/NewsController.php:21)
Stack trace:
#0 /mnt/hgfs/www/test/yii/framework/web/CController.php(286): NewsController->runAction()
#1 /mnt/hgfs/www/test/yii/framework/web/CController.php(265): NewsController->runActionWithFilters()
#2 /mnt/hgfs/www/test/yii/framework/web/CWebApplication.php(282): NewsController->run()
#3 /mnt/hgfs/www/test/yii/framework/web/CWebApplication.php(141): CWebApplication->runController()
#4 /mnt/hgfs/www/test/yii/framework/base/CApplication.php(180): CWebApplication->processRequest()
#5 /mnt/hgfs/www/test/yii/phpfun/index.php(16): CWebApplication->run()
REQUEST_URI=/yii/phpfun/index.php?r=Index/news/index
in /mnt/hgfs/www/test/yii/phpfun/protected/modules/Index/controllers/NewsController.php (21)
in /mnt/hgfs/www/test/yii/phpfun/index.php (16)
2016/08/12 16:00:31 [error] [php] Undefined index: username (/mnt/hgfs/www/test/yii/phpfun/protected/modules/Index/controllers/NewsController.php:21)
Stack trace:
#0 /mnt/hgfs/www/test/yii/framework/web/CController.php(286): NewsController->runAction()
#1 /mnt/hgfs/www/test/yii/framework/web/CController.php(265): NewsController->runActionWithFilters()
#2 /mnt/hgfs/www/test/yii/framework/web/CWebApplication.php(282): NewsController->run()
#3 /mnt/hgfs/www/test/yii/framework/web/CWebApplication.php(141): CWebApplication->runController()
#4 /mnt/hgfs/www/test/yii/framework/base/CApplication.php(180): CWebApplication->processRequest()
#5 /mnt/hgfs/www/test/yii/phpfun/index.php(16): CWebApplication->run()
REQUEST_URI=/yii/phpfun/index.php?r=Index/news/index
in /mnt/hgfs/www/test/yii/phpfun/protected/modules/Index/controllers/NewsController.php (21)
in /mnt/hgfs/www/test/yii/phpfun/index.php (16)
2016/08/12 16:00:45 [error] [php] Undefined index: username (/mnt/hgfs/www/test/yii/phpfun/protected/modules/Index/controllers/NewsController.php:21)
Stack trace:
#0 /mnt/hgfs/www/test/yii/framework/web/CController.php(286): NewsController->runAction()
#1 /mnt/hgfs/www/test/yii/framework/web/CController.php(265): NewsController->runActionWithFilters()
#2 /mnt/hgfs/www/test/yii/framework/web/CWebApplication.php(282): NewsController->run()
#3 /mnt/hgfs/www/test/yii/framework/web/CWebApplication.php(141): CWebApplication->runController()
#4 /mnt/hgfs/www/test/yii/framework/base/CApplication.php(180): CWebApplication->processRequest()
#5 /mnt/hgfs/www/test/yii/phpfun/index.php(16): CWebApplication->run()
REQUEST_URI=/yii/phpfun/index.php?r=Index/news/index
in /mnt/hgfs/www/test/yii/phpfun/protected/modules/Index/controllers/NewsController.php (21)
in /mnt/hgfs/www/test/yii/phpfun/index.php (16)
2016/08/12 16:00:50 [error] [php] Undefined index: name (/mnt/hgfs/www/test/yii/phpfun/protected/modules/Index/controllers/NewsController.php:21)
Stack trace:
#0 /mnt/hgfs/www/test/yii/framework/web/CController.php(286): NewsController->runAction()
#1 /mnt/hgfs/www/test/yii/framework/web/CController.php(265): NewsController->runActionWithFilters()
#2 /mnt/hgfs/www/test/yii/framework/web/CWebApplication.php(282): NewsController->run()
#3 /mnt/hgfs/www/test/yii/framework/web/CWebApplication.php(141): CWebApplication->runController()
#4 /mnt/hgfs/www/test/yii/framework/base/CApplication.php(180): CWebApplication->processRequest()
#5 /mnt/hgfs/www/test/yii/phpfun/index.php(16): CWebApplication->run()
REQUEST_URI=/yii/phpfun/index.php?r=Index/news/index
in /mnt/hgfs/www/test/yii/phpfun/protected/modules/Index/controllers/NewsController.php (21)
in /mnt/hgfs/www/test/yii/phpfun/index.php (16)
2016/08/12 16:01:40 [error] [php] Undefined index: name (/mnt/hgfs/www/test/yii/phpfun/protected/modules/Index/controllers/NewsController.php:22)
Stack trace:
#0 /mnt/hgfs/www/test/yii/framework/web/CController.php(286): NewsController->runAction()
#1 /mnt/hgfs/www/test/yii/framework/web/CController.php(265): NewsController->runActionWithFilters()
#2 /mnt/hgfs/www/test/yii/framework/web/CWebApplication.php(282): NewsController->run()
#3 /mnt/hgfs/www/test/yii/framework/web/CWebApplication.php(141): CWebApplication->runController()
#4 /mnt/hgfs/www/test/yii/framework/base/CApplication.php(180): CWebApplication->processRequest()
#5 /mnt/hgfs/www/test/yii/phpfun/index.php(16): CWebApplication->run()
REQUEST_URI=/yii/phpfun/index.php?r=Index/news/index
in /mnt/hgfs/www/test/yii/phpfun/protected/modules/Index/controllers/NewsController.php (22)
in /mnt/hgfs/www/test/yii/phpfun/index.php (16)
2016/08/12 16:01:51 [error] [php] Object of class News could not be converted to string (/mnt/hgfs/www/test/yii/phpfun/protected/modules/Index/controllers/NewsController.php:22)
Stack trace:
#0 /mnt/hgfs/www/test/yii/framework/web/CController.php(286): NewsController->runAction()
#1 /mnt/hgfs/www/test/yii/framework/web/CController.php(265): NewsController->runActionWithFilters()
#2 /mnt/hgfs/www/test/yii/framework/web/CWebApplication.php(282): NewsController->run()
#3 /mnt/hgfs/www/test/yii/framework/web/CWebApplication.php(141): CWebApplication->runController()
#4 /mnt/hgfs/www/test/yii/framework/base/CApplication.php(180): CWebApplication->processRequest()
#5 /mnt/hgfs/www/test/yii/phpfun/index.php(16): CWebApplication->run()
REQUEST_URI=/yii/phpfun/index.php?r=Index/news/index
in /mnt/hgfs/www/test/yii/phpfun/protected/modules/Index/controllers/NewsController.php (22)
in /mnt/hgfs/www/test/yii/phpfun/index.php (16)
2016/08/12 16:02:16 [error] [exception.CException] exception 'CException' with message 'Property "News.name" is not defined.' in /mnt/hgfs/www/test/yii/framework/base/CComponent.php:130
Stack trace:
#0 /mnt/hgfs/www/test/yii/framework/db/ar/CActiveRecord.php(145): CComponent->__get('name')
#1 /mnt/hgfs/www/test/yii/phpfun/protected/modules/Index/views/news/index.php(125): CActiveRecord->__get('name')
#2 /mnt/hgfs/www/test/yii/framework/web/CBaseController.php(126): require('/mnt/hgfs/www/t...')
#3 /mnt/hgfs/www/test/yii/framework/web/CBaseController.php(95): CBaseController->renderInternal('/mnt/hgfs/www/t...', Array, true)
#4 /mnt/hgfs/www/test/yii/framework/web/CController.php(869): CBaseController->renderFile('/mnt/hgfs/www/t...', Array, true)
#5 /mnt/hgfs/www/test/yii/framework/web/CController.php(782): CController->renderPartial('index', Array, true)
#6 /mnt/hgfs/www/test/yii/phpfun/protected/modules/Index/controllers/NewsController.php(24): CController->render('index', Array)
#7 /mnt/hgfs/www/test/yii/framework/web/actions/CInlineAction.php(49): NewsController->actionindex()
#8 /mnt/hgfs/www/test/yii/framework/web/CController.php(308): CInlineAction->runWithParams(Array)
#9 /mnt/hgfs/www/test/yii/framework/web/CController.php(286): CController->runAction(Object(CInlineAction))
#10 /mnt/hgfs/www/test/yii/framework/web/CController.php(265): CController->runActionWithFilters(Object(CInlineAction), Array)
#11 /mnt/hgfs/www/test/yii/framework/web/CWebApplication.php(282): CController->run('index')
#12 /mnt/hgfs/www/test/yii/framework/web/CWebApplication.php(141): CWebApplication->runController('Index/news/inde...')
#13 /mnt/hgfs/www/test/yii/framework/base/CApplication.php(180): CWebApplication->processRequest()
#14 /mnt/hgfs/www/test/yii/phpfun/index.php(16): CApplication->run()
#15 {main}
REQUEST_URI=/yii/phpfun/index.php?r=Index/news/index
---
2016/08/12 16:08:01 [error] [system.db.CDbCommand] CDbCommand::fetchAll() failed: SQLSTATE[42S22]: Column not found: 1054 Unknown column 'a.id' in 'field list'. The SQL statement executed was: select a.id,a.title,a.content,a.digest,a.updateTime from news.
in /mnt/hgfs/www/test/yii/phpfun/protected/modules/Index/controllers/NewsController.php (12)
in /mnt/hgfs/www/test/yii/phpfun/index.php (16)
2016/08/12 16:08:01 [error] [exception.CDbException] exception 'CDbException' with message 'CDbCommand failed to execute the SQL statement: SQLSTATE[42S22]: Column not found: 1054 Unknown column 'a.id' in 'field list'. The SQL statement executed was: select a.id,a.title,a.content,a.digest,a.updateTime from news' in /mnt/hgfs/www/test/yii/framework/db/CDbCommand.php:543
Stack trace:
#0 /mnt/hgfs/www/test/yii/framework/db/CDbCommand.php(396): CDbCommand->queryInternal('fetchAll', Array, Array)
#1 /mnt/hgfs/www/test/yii/framework/db/ar/CActiveRecord.php(1581): CDbCommand->queryAll()
#2 /mnt/hgfs/www/test/yii/phpfun/protected/modules/Index/controllers/NewsController.php(12): CActiveRecord->findAllBySql('select a.id,a.t...')
#3 /mnt/hgfs/www/test/yii/framework/web/actions/CInlineAction.php(49): NewsController->actionindex()
#4 /mnt/hgfs/www/test/yii/framework/web/CController.php(308): CInlineAction->runWithParams(Array)
#5 /mnt/hgfs/www/test/yii/framework/web/CController.php(286): CController->runAction(Object(CInlineAction))
#6 /mnt/hgfs/www/test/yii/framework/web/CController.php(265): CController->runActionWithFilters(Object(CInlineAction), Array)
#7 /mnt/hgfs/www/test/yii/framework/web/CWebApplication.php(282): CController->run('index')
#8 /mnt/hgfs/www/test/yii/framework/web/CWebApplication.php(141): CWebApplication->runController('Index/news/inde...')
#9 /mnt/hgfs/www/test/yii/framework/base/CApplication.php(180): CWebApplication->processRequest()
#10 /mnt/hgfs/www/test/yii/phpfun/index.php(16): CApplication->run()
#11 {main}
REQUEST_URI=/yii/phpfun/index.php?r=Index/news/index
---
2016/08/12 16:08:31 [error] [php] Undefined index: username (/mnt/hgfs/www/test/yii/phpfun/protected/modules/Index/controllers/NewsController.php:21)
Stack trace:
#0 /mnt/hgfs/www/test/yii/framework/web/CController.php(286): NewsController->runAction()
#1 /mnt/hgfs/www/test/yii/framework/web/CController.php(265): NewsController->runActionWithFilters()
#2 /mnt/hgfs/www/test/yii/framework/web/CWebApplication.php(282): NewsController->run()
#3 /mnt/hgfs/www/test/yii/framework/web/CWebApplication.php(141): CWebApplication->runController()
#4 /mnt/hgfs/www/test/yii/framework/base/CApplication.php(180): CWebApplication->processRequest()
#5 /mnt/hgfs/www/test/yii/phpfun/index.php(16): CWebApplication->run()
REQUEST_URI=/yii/phpfun/index.php?r=Index/news/index
in /mnt/hgfs/www/test/yii/phpfun/protected/modules/Index/controllers/NewsController.php (21)
in /mnt/hgfs/www/test/yii/phpfun/index.php (16)
2016/08/12 16:08:41 [error] [exception.CException] exception 'CException' with message 'Property "News.name" is not defined.' in /mnt/hgfs/www/test/yii/framework/base/CComponent.php:130
Stack trace:
#0 /mnt/hgfs/www/test/yii/framework/db/ar/CActiveRecord.php(145): CComponent->__get('name')
#1 /mnt/hgfs/www/test/yii/phpfun/protected/modules/Index/views/news/index.php(125): CActiveRecord->__get('name')
#2 /mnt/hgfs/www/test/yii/framework/web/CBaseController.php(126): require('/mnt/hgfs/www/t...')
#3 /mnt/hgfs/www/test/yii/framework/web/CBaseController.php(95): CBaseController->renderInternal('/mnt/hgfs/www/t...', Array, true)
#4 /mnt/hgfs/www/test/yii/framework/web/CController.php(869): CBaseController->renderFile('/mnt/hgfs/www/t...', Array, true)
#5 /mnt/hgfs/www/test/yii/framework/web/CController.php(782): CController->renderPartial('index', Array, true)
#6 /mnt/hgfs/www/test/yii/phpfun/protected/modules/Index/controllers/NewsController.php(22): CController->render('index', Array)
#7 /mnt/hgfs/www/test/yii/framework/web/actions/CInlineAction.php(49): NewsController->actionindex()
#8 /mnt/hgfs/www/test/yii/framework/web/CController.php(308): CInlineAction->runWithParams(Array)
#9 /mnt/hgfs/www/test/yii/framework/web/CController.php(286): CController->runAction(Object(CInlineAction))
#10 /mnt/hgfs/www/test/yii/framework/web/CController.php(265): CController->runActionWithFilters(Object(CInlineAction), Array)
#11 /mnt/hgfs/www/test/yii/framework/web/CWebApplication.php(282): CController->run('index')
#12 /mnt/hgfs/www/test/yii/framework/web/CWebApplication.php(141): CWebApplication->runController('Index/news/inde...')
#13 /mnt/hgfs/www/test/yii/framework/base/CApplication.php(180): CWebApplication->processRequest()
#14 /mnt/hgfs/www/test/yii/phpfun/index.php(16): CApplication->run()
#15 {main}
REQUEST_URI=/yii/phpfun/index.php?r=Index/news/index
---
2016/08/12 16:08:42 [error] [exception.CException] exception 'CException' with message 'Property "News.name" is not defined.' in /mnt/hgfs/www/test/yii/framework/base/CComponent.php:130
Stack trace:
#0 /mnt/hgfs/www/test/yii/framework/db/ar/CActiveRecord.php(145): CComponent->__get('name')
#1 /mnt/hgfs/www/test/yii/phpfun/protected/modules/Index/views/news/index.php(125): CActiveRecord->__get('name')
#2 /mnt/hgfs/www/test/yii/framework/web/CBaseController.php(126): require('/mnt/hgfs/www/t...')
#3 /mnt/hgfs/www/test/yii/framework/web/CBaseController.php(95): CBaseController->renderInternal('/mnt/hgfs/www/t...', Array, true)
#4 /mnt/hgfs/www/test/yii/framework/web/CController.php(869): CBaseController->renderFile('/mnt/hgfs/www/t...', Array, true)
#5 /mnt/hgfs/www/test/yii/framework/web/CController.php(782): CController->renderPartial('index', Array, true)
#6 /mnt/hgfs/www/test/yii/phpfun/protected/modules/Index/controllers/NewsController.php(22): CController->render('index', Array)
#7 /mnt/hgfs/www/test/yii/framework/web/actions/CInlineAction.php(49): NewsController->actionindex()
#8 /mnt/hgfs/www/test/yii/framework/web/CController.php(308): CInlineAction->runWithParams(Array)
#9 /mnt/hgfs/www/test/yii/framework/web/CController.php(286): CController->runAction(Object(CInlineAction))
#10 /mnt/hgfs/www/test/yii/framework/web/CController.php(265): CController->runActionWithFilters(Object(CInlineAction), Array)
#11 /mnt/hgfs/www/test/yii/framework/web/CWebApplication.php(282): CController->run('index')
#12 /mnt/hgfs/www/test/yii/framework/web/CWebApplication.php(141): CWebApplication->runController('Index/news/inde...')
#13 /mnt/hgfs/www/test/yii/framework/base/CApplication.php(180): CWebApplication->processRequest()
#14 /mnt/hgfs/www/test/yii/phpfun/index.php(16): CApplication->run()
#15 {main}
REQUEST_URI=/yii/phpfun/index.php?r=Index/news/index
---
2016/08/12 16:09:15 [error] [exception.CException] exception 'CException' with message 'Property "News.name" is not defined.' in /mnt/hgfs/www/test/yii/framework/base/CComponent.php:130
Stack trace:
#0 /mnt/hgfs/www/test/yii/framework/db/ar/CActiveRecord.php(145): CComponent->__get('name')
#1 /mnt/hgfs/www/test/yii/phpfun/protected/modules/Index/views/news/index.php(125): CActiveRecord->__get('name')
#2 /mnt/hgfs/www/test/yii/framework/web/CBaseController.php(126): require('/mnt/hgfs/www/t...')
#3 /mnt/hgfs/www/test/yii/framework/web/CBaseController.php(95): CBaseController->renderInternal('/mnt/hgfs/www/t...', Array, true)
#4 /mnt/hgfs/www/test/yii/framework/web/CController.php(869): CBaseController->renderFile('/mnt/hgfs/www/t...', Array, true)
#5 /mnt/hgfs/www/test/yii/framework/web/CController.php(782): CController->renderPartial('index', Array, true)
#6 /mnt/hgfs/www/test/yii/phpfun/protected/modules/Index/controllers/NewsController.php(22): CController->render('index', Array)
#7 /mnt/hgfs/www/test/yii/framework/web/actions/CInlineAction.php(49): NewsController->actionindex()
#8 /mnt/hgfs/www/test/yii/framework/web/CController.php(308): CInlineAction->runWithParams(Array)
#9 /mnt/hgfs/www/test/yii/framework/web/CController.php(286): CController->runAction(Object(CInlineAction))
#10 /mnt/hgfs/www/test/yii/framework/web/CController.php(265): CController->runActionWithFilters(Object(CInlineAction), Array)
#11 /mnt/hgfs/www/test/yii/framework/web/CWebApplication.php(282): CController->run('index')
#12 /mnt/hgfs/www/test/yii/framework/web/CWebApplication.php(141): CWebApplication->runController('Index/news/inde...')
#13 /mnt/hgfs/www/test/yii/framework/base/CApplication.php(180): CWebApplication->processRequest()
#14 /mnt/hgfs/www/test/yii/phpfun/index.php(16): CApplication->run()
#15 {main}
REQUEST_URI=/yii/phpfun/index.php?r=Index/news/index
---
2016/08/12 16:10:01 [error] [php] Undefined variable: newsModel (/mnt/hgfs/www/test/yii/phpfun/protected/modules/Index/views/news/index.php:117)
Stack trace:
#0 /mnt/hgfs/www/test/yii/framework/web/CController.php(869): NewsController->renderFile()
#1 /mnt/hgfs/www/test/yii/framework/web/CController.php(782): NewsController->renderPartial()
#2 /mnt/hgfs/www/test/yii/phpfun/protected/modules/Index/controllers/NewsController.php(11): NewsController->render()
#3 /mnt/hgfs/www/test/yii/framework/web/actions/CInlineAction.php(49): NewsController->actionindex()
#4 /mnt/hgfs/www/test/yii/framework/web/CController.php(308): CInlineAction->runWithParams()
#5 /mnt/hgfs/www/test/yii/framework/web/CController.php(286): NewsController->runAction()
#6 /mnt/hgfs/www/test/yii/framework/web/CController.php(265): NewsController->runActionWithFilters()
#7 /mnt/hgfs/www/test/yii/framework/web/CWebApplication.php(282): NewsController->run()
#8 /mnt/hgfs/www/test/yii/framework/web/CWebApplication.php(141): CWebApplication->runController()
#9 /mnt/hgfs/www/test/yii/framework/base/CApplication.php(180): CWebApplication->processRequest()
#10 /mnt/hgfs/www/test/yii/phpfun/index.php(16): CWebApplication->run()
REQUEST_URI=/yii/phpfun/index.php?r=Index/news/index
in /mnt/hgfs/www/test/yii/phpfun/protected/modules/Index/views/news/index.php (117)
in /mnt/hgfs/www/test/yii/phpfun/protected/modules/Index/controllers/NewsController.php (11)
in /mnt/hgfs/www/test/yii/phpfun/index.php (16)
2016/08/12 16:10:44 [error] [php] Undefined variable: newsModel (/mnt/hgfs/www/test/yii/phpfun/protected/modules/Index/views/news/index.php:117)
Stack trace:
#0 /mnt/hgfs/www/test/yii/framework/web/CController.php(869): NewsController->renderFile()
#1 /mnt/hgfs/www/test/yii/framework/web/CController.php(782): NewsController->renderPartial()
#2 /mnt/hgfs/www/test/yii/phpfun/protected/modules/Index/controllers/NewsController.php(11): NewsController->render()
#3 /mnt/hgfs/www/test/yii/framework/web/actions/CInlineAction.php(49): NewsController->actionindex()
#4 /mnt/hgfs/www/test/yii/framework/web/CController.php(308): CInlineAction->runWithParams()
#5 /mnt/hgfs/www/test/yii/framework/web/CController.php(286): NewsController->runAction()
#6 /mnt/hgfs/www/test/yii/framework/web/CController.php(265): NewsController->runActionWithFilters()
#7 /mnt/hgfs/www/test/yii/framework/web/CWebApplication.php(282): NewsController->run()
#8 /mnt/hgfs/www/test/yii/framework/web/CWebApplication.php(141): CWebApplication->runController()
#9 /mnt/hgfs/www/test/yii/framework/base/CApplication.php(180): CWebApplication->processRequest()
#10 /mnt/hgfs/www/test/yii/phpfun/index.php(16): CWebApplication->run()
REQUEST_URI=/yii/phpfun/index.php?r=Index/news/index
in /mnt/hgfs/www/test/yii/phpfun/protected/modules/Index/views/news/index.php (117)
in /mnt/hgfs/www/test/yii/phpfun/protected/modules/Index/controllers/NewsController.php (11)
in /mnt/hgfs/www/test/yii/phpfun/index.php (16)
2016/08/12 16:10:45 [error] [php] Undefined variable: newsModel (/mnt/hgfs/www/test/yii/phpfun/protected/modules/Index/views/news/index.php:117)
Stack trace:
#0 /mnt/hgfs/www/test/yii/framework/web/CController.php(869): NewsController->renderFile()
#1 /mnt/hgfs/www/test/yii/framework/web/CController.php(782): NewsController->renderPartial()
#2 /mnt/hgfs/www/test/yii/phpfun/protected/modules/Index/controllers/NewsController.php(11): NewsController->render()
#3 /mnt/hgfs/www/test/yii/framework/web/actions/CInlineAction.php(49): NewsController->actionindex()
#4 /mnt/hgfs/www/test/yii/framework/web/CController.php(308): CInlineAction->runWithParams()
#5 /mnt/hgfs/www/test/yii/framework/web/CController.php(286): NewsController->runAction()
#6 /mnt/hgfs/www/test/yii/framework/web/CController.php(265): NewsController->runActionWithFilters()
#7 /mnt/hgfs/www/test/yii/framework/web/CWebApplication.php(282): NewsController->run()
#8 /mnt/hgfs/www/test/yii/framework/web/CWebApplication.php(141): CWebApplication->runController()
#9 /mnt/hgfs/www/test/yii/framework/base/CApplication.php(180): CWebApplication->processRequest()
#10 /mnt/hgfs/www/test/yii/phpfun/index.php(16): CWebApplication->run()
REQUEST_URI=/yii/phpfun/index.php?r=Index/news/index
in /mnt/hgfs/www/test/yii/phpfun/protected/modules/Index/views/news/index.php (117)
in /mnt/hgfs/www/test/yii/phpfun/protected/modules/Index/controllers/NewsController.php (11)
in /mnt/hgfs/www/test/yii/phpfun/index.php (16)
2016/08/12 16:10:45 [error] [php] Undefined variable: newsModel (/mnt/hgfs/www/test/yii/phpfun/protected/modules/Index/views/news/index.php:117)
Stack trace:
#0 /mnt/hgfs/www/test/yii/framework/web/CController.php(869): NewsController->renderFile()
#1 /mnt/hgfs/www/test/yii/framework/web/CController.php(782): NewsController->renderPartial()
#2 /mnt/hgfs/www/test/yii/phpfun/protected/modules/Index/controllers/NewsController.php(11): NewsController->render()
#3 /mnt/hgfs/www/test/yii/framework/web/actions/CInlineAction.php(49): NewsController->actionindex()
#4 /mnt/hgfs/www/test/yii/framework/web/CController.php(308): CInlineAction->runWithParams()
#5 /mnt/hgfs/www/test/yii/framework/web/CController.php(286): NewsController->runAction()
#6 /mnt/hgfs/www/test/yii/framework/web/CController.php(265): NewsController->runActionWithFilters()
#7 /mnt/hgfs/www/test/yii/framework/web/CWebApplication.php(282): NewsController->run()
#8 /mnt/hgfs/www/test/yii/framework/web/CWebApplication.php(141): CWebApplication->runController()
#9 /mnt/hgfs/www/test/yii/framework/base/CApplication.php(180): CWebApplication->processRequest()
#10 /mnt/hgfs/www/test/yii/phpfun/index.php(16): CWebApplication->run()
REQUEST_URI=/yii/phpfun/index.php?r=Index/news/index
in /mnt/hgfs/www/test/yii/phpfun/protected/modules/Index/views/news/index.php (117)
in /mnt/hgfs/www/test/yii/phpfun/protected/modules/Index/controllers/NewsController.php (11)
in /mnt/hgfs/www/test/yii/phpfun/index.php (16)
2016/08/12 16:10:45 [error] [php] Undefined variable: newsModel (/mnt/hgfs/www/test/yii/phpfun/protected/modules/Index/views/news/index.php:117)
Stack trace:
#0 /mnt/hgfs/www/test/yii/framework/web/CController.php(869): NewsController->renderFile()
#1 /mnt/hgfs/www/test/yii/framework/web/CController.php(782): NewsController->renderPartial()
#2 /mnt/hgfs/www/test/yii/phpfun/protected/modules/Index/controllers/NewsController.php(11): NewsController->render()
#3 /mnt/hgfs/www/test/yii/framework/web/actions/CInlineAction.php(49): NewsController->actionindex()
#4 /mnt/hgfs/www/test/yii/framework/web/CController.php(308): CInlineAction->runWithParams()
#5 /mnt/hgfs/www/test/yii/framework/web/CController.php(286): NewsController->runAction()
#6 /mnt/hgfs/www/test/yii/framework/web/CController.php(265): NewsController->runActionWithFilters()
#7 /mnt/hgfs/www/test/yii/framework/web/CWebApplication.php(282): NewsController->run()
#8 /mnt/hgfs/www/test/yii/framework/web/CWebApplication.php(141): CWebApplication->runController()
#9 /mnt/hgfs/www/test/yii/framework/base/CApplication.php(180): CWebApplication->processRequest()
#10 /mnt/hgfs/www/test/yii/phpfun/index.php(16): CWebApplication->run()
REQUEST_URI=/yii/phpfun/index.php?r=Index/news/index
in /mnt/hgfs/www/test/yii/phpfun/protected/modules/Index/views/news/index.php (117)
in /mnt/hgfs/www/test/yii/phpfun/protected/modules/Index/controllers/NewsController.php (11)
in /mnt/hgfs/www/test/yii/phpfun/index.php (16)
2016/08/12 16:10:46 [error] [php] Undefined variable: newsModel (/mnt/hgfs/www/test/yii/phpfun/protected/modules/Index/views/news/index.php:117)
Stack trace:
#0 /mnt/hgfs/www/test/yii/framework/web/CController.php(869): NewsController->renderFile()
#1 /mnt/hgfs/www/test/yii/framework/web/CController.php(782): NewsController->renderPartial()
#2 /mnt/hgfs/www/test/yii/phpfun/protected/modules/Index/controllers/NewsController.php(11): NewsController->render()
#3 /mnt/hgfs/www/test/yii/framework/web/actions/CInlineAction.php(49): NewsController->actionindex()
#4 /mnt/hgfs/www/test/yii/framework/web/CController.php(308): CInlineAction->runWithParams()
#5 /mnt/hgfs/www/test/yii/framework/web/CController.php(286): NewsController->runAction()
#6 /mnt/hgfs/www/test/yii/framework/web/CController.php(265): NewsController->runActionWithFilters()
#7 /mnt/hgfs/www/test/yii/framework/web/CWebApplication.php(282): NewsController->run()
#8 /mnt/hgfs/www/test/yii/framework/web/CWebApplication.php(141): CWebApplication->runController()
#9 /mnt/hgfs/www/test/yii/framework/base/CApplication.php(180): CWebApplication->processRequest()
#10 /mnt/hgfs/www/test/yii/phpfun/index.php(16): CWebApplication->run()
REQUEST_URI=/yii/phpfun/index.php?r=Index/news/index
in /mnt/hgfs/www/test/yii/phpfun/protected/modules/Index/views/news/index.php (117)
in /mnt/hgfs/www/test/yii/phpfun/protected/modules/Index/controllers/NewsController.php (11)
in /mnt/hgfs/www/test/yii/phpfun/index.php (16)
2016/08/12 16:10:46 [error] [php] Undefined variable: newsModel (/mnt/hgfs/www/test/yii/phpfun/protected/modules/Index/views/news/index.php:117)
Stack trace:
#0 /mnt/hgfs/www/test/yii/framework/web/CController.php(869): NewsController->renderFile()
#1 /mnt/hgfs/www/test/yii/framework/web/CController.php(782): NewsController->renderPartial()
#2 /mnt/hgfs/www/test/yii/phpfun/protected/modules/Index/controllers/NewsController.php(11): NewsController->render()
#3 /mnt/hgfs/www/test/yii/framework/web/actions/CInlineAction.php(49): NewsController->actionindex()
#4 /mnt/hgfs/www/test/yii/framework/web/CController.php(308): CInlineAction->runWithParams()
#5 /mnt/hgfs/www/test/yii/framework/web/CController.php(286): NewsController->runAction()
#6 /mnt/hgfs/www/test/yii/framework/web/CController.php(265): NewsController->runActionWithFilters()
#7 /mnt/hgfs/www/test/yii/framework/web/CWebApplication.php(282): NewsController->run()
#8 /mnt/hgfs/www/test/yii/framework/web/CWebApplication.php(141): CWebApplication->runController()
#9 /mnt/hgfs/www/test/yii/framework/base/CApplication.php(180): CWebApplication->processRequest()
#10 /mnt/hgfs/www/test/yii/phpfun/index.php(16): CWebApplication->run()
REQUEST_URI=/yii/phpfun/index.php?r=Index/news/index
in /mnt/hgfs/www/test/yii/phpfun/protected/modules/Index/views/news/index.php (117)
in /mnt/hgfs/www/test/yii/phpfun/protected/modules/Index/controllers/NewsController.php (11)
in /mnt/hgfs/www/test/yii/phpfun/index.php (16)
2016/08/12 16:10:46 [error] [php] Undefined variable: newsModel (/mnt/hgfs/www/test/yii/phpfun/protected/modules/Index/views/news/index.php:117)
Stack trace:
#0 /mnt/hgfs/www/test/yii/framework/web/CController.php(869): NewsController->renderFile()
#1 /mnt/hgfs/www/test/yii/framework/web/CController.php(782): NewsController->renderPartial()
#2 /mnt/hgfs/www/test/yii/phpfun/protected/modules/Index/controllers/NewsController.php(11): NewsController->render()
#3 /mnt/hgfs/www/test/yii/framework/web/actions/CInlineAction.php(49): NewsController->actionindex()
#4 /mnt/hgfs/www/test/yii/framework/web/CController.php(308): CInlineAction->runWithParams()
#5 /mnt/hgfs/www/test/yii/framework/web/CController.php(286): NewsController->runAction()
#6 /mnt/hgfs/www/test/yii/framework/web/CController.php(265): NewsController->runActionWithFilters()
#7 /mnt/hgfs/www/test/yii/framework/web/CWebApplication.php(282): NewsController->run()
#8 /mnt/hgfs/www/test/yii/framework/web/CWebApplication.php(141): CWebApplication->runController()
#9 /mnt/hgfs/www/test/yii/framework/base/CApplication.php(180): CWebApplication->processRequest()
#10 /mnt/hgfs/www/test/yii/phpfun/index.php(16): CWebApplication->run()
REQUEST_URI=/yii/phpfun/index.php?r=Index/news/index
in /mnt/hgfs/www/test/yii/phpfun/protected/modules/Index/views/news/index.php (117)
in /mnt/hgfs/www/test/yii/phpfun/protected/modules/Index/controllers/NewsController.php (11)
in /mnt/hgfs/www/test/yii/phpfun/index.php (16)
2016/08/12 16:10:46 [error] [php] Undefined variable: newsModel (/mnt/hgfs/www/test/yii/phpfun/protected/modules/Index/views/news/index.php:117)
Stack trace:
#0 /mnt/hgfs/www/test/yii/framework/web/CController.php(869): NewsController->renderFile()
#1 /mnt/hgfs/www/test/yii/framework/web/CController.php(782): NewsController->renderPartial()
#2 /mnt/hgfs/www/test/yii/phpfun/protected/modules/Index/controllers/NewsController.php(11): NewsController->render()
#3 /mnt/hgfs/www/test/yii/framework/web/actions/CInlineAction.php(49): NewsController->actionindex()
#4 /mnt/hgfs/www/test/yii/framework/web/CController.php(308): CInlineAction->runWithParams()
#5 /mnt/hgfs/www/test/yii/framework/web/CController.php(286): NewsController->runAction()
#6 /mnt/hgfs/www/test/yii/framework/web/CController.php(265): NewsController->runActionWithFilters()
#7 /mnt/hgfs/www/test/yii/framework/web/CWebApplication.php(282): NewsController->run()
#8 /mnt/hgfs/www/test/yii/framework/web/CWebApplication.php(141): CWebApplication->runController()
#9 /mnt/hgfs/www/test/yii/framework/base/CApplication.php(180): CWebApplication->processRequest()
#10 /mnt/hgfs/www/test/yii/phpfun/index.php(16): CWebApplication->run()
REQUEST_URI=/yii/phpfun/index.php?r=Index/news/index
in /mnt/hgfs/www/test/yii/phpfun/protected/modules/Index/views/news/index.php (117)
in /mnt/hgfs/www/test/yii/phpfun/protected/modules/Index/controllers/NewsController.php (11)
in /mnt/hgfs/www/test/yii/phpfun/index.php (16)
2016/08/12 16:10:46 [error] [php] Undefined variable: newsModel (/mnt/hgfs/www/test/yii/phpfun/protected/modules/Index/views/news/index.php:117)
Stack trace:
#0 /mnt/hgfs/www/test/yii/framework/web/CController.php(869): NewsController->renderFile()
#1 /mnt/hgfs/www/test/yii/framework/web/CController.php(782): NewsController->renderPartial()
#2 /mnt/hgfs/www/test/yii/phpfun/protected/modules/Index/controllers/NewsController.php(11): NewsController->render()
#3 /mnt/hgfs/www/test/yii/framework/web/actions/CInlineAction.php(49): NewsController->actionindex()
#4 /mnt/hgfs/www/test/yii/framework/web/CController.php(308): CInlineAction->runWithParams()
#5 /mnt/hgfs/www/test/yii/framework/web/CController.php(286): NewsController->runAction()
#6 /mnt/hgfs/www/test/yii/framework/web/CController.php(265): NewsController->runActionWithFilters()
#7 /mnt/hgfs/www/test/yii/framework/web/CWebApplication.php(282): NewsController->run()
#8 /mnt/hgfs/www/test/yii/framework/web/CWebApplication.php(141): CWebApplication->runController()
#9 /mnt/hgfs/www/test/yii/framework/base/CApplication.php(180): CWebApplication->processRequest()
#10 /mnt/hgfs/www/test/yii/phpfun/index.php(16): CWebApplication->run()
REQUEST_URI=/yii/phpfun/index.php?r=Index/news/index
in /mnt/hgfs/www/test/yii/phpfun/protected/modules/Index/views/news/index.php (117)
in /mnt/hgfs/www/test/yii/phpfun/protected/modules/Index/controllers/NewsController.php (11)
in /mnt/hgfs/www/test/yii/phpfun/index.php (16)
2016/08/12 16:10:47 [error] [php] Undefined variable: newsModel (/mnt/hgfs/www/test/yii/phpfun/protected/modules/Index/views/news/index.php:117)
Stack trace:
#0 /mnt/hgfs/www/test/yii/framework/web/CController.php(869): NewsController->renderFile()
#1 /mnt/hgfs/www/test/yii/framework/web/CController.php(782): NewsController->renderPartial()
#2 /mnt/hgfs/www/test/yii/phpfun/protected/modules/Index/controllers/NewsController.php(11): NewsController->render()
#3 /mnt/hgfs/www/test/yii/framework/web/actions/CInlineAction.php(49): NewsController->actionindex()
#4 /mnt/hgfs/www/test/yii/framework/web/CController.php(308): CInlineAction->runWithParams()
#5 /mnt/hgfs/www/test/yii/framework/web/CController.php(286): NewsController->runAction()
#6 /mnt/hgfs/www/test/yii/framework/web/CController.php(265): NewsController->runActionWithFilters()
#7 /mnt/hgfs/www/test/yii/framework/web/CWebApplication.php(282): NewsController->run()
#8 /mnt/hgfs/www/test/yii/framework/web/CWebApplication.php(141): CWebApplication->runController()
#9 /mnt/hgfs/www/test/yii/framework/base/CApplication.php(180): CWebApplication->processRequest()
#10 /mnt/hgfs/www/test/yii/phpfun/index.php(16): CWebApplication->run()
REQUEST_URI=/yii/phpfun/index.php?r=Index/news/index
in /mnt/hgfs/www/test/yii/phpfun/protected/modules/Index/views/news/index.php (117)
in /mnt/hgfs/www/test/yii/phpfun/protected/modules/Index/controllers/NewsController.php (11)
in /mnt/hgfs/www/test/yii/phpfun/index.php (16)
2016/08/12 16:11:16 [error] [php] Undefined variable: newsModel (/mnt/hgfs/www/test/yii/phpfun/protected/modules/Index/views/news/index.php:119)
Stack trace:
#0 /mnt/hgfs/www/test/yii/framework/web/CController.php(869): NewsController->renderFile()
#1 /mnt/hgfs/www/test/yii/framework/web/CController.php(782): NewsController->renderPartial()
#2 /mnt/hgfs/www/test/yii/phpfun/protected/modules/Index/controllers/NewsController.php(11): NewsController->render()
#3 /mnt/hgfs/www/test/yii/framework/web/actions/CInlineAction.php(49): NewsController->actionindex()
#4 /mnt/hgfs/www/test/yii/framework/web/CController.php(308): CInlineAction->runWithParams()
#5 /mnt/hgfs/www/test/yii/framework/web/CController.php(286): NewsController->runAction()
#6 /mnt/hgfs/www/test/yii/framework/web/CController.php(265): NewsController->runActionWithFilters()
#7 /mnt/hgfs/www/test/yii/framework/web/CWebApplication.php(282): NewsController->run()
#8 /mnt/hgfs/www/test/yii/framework/web/CWebApplication.php(141): CWebApplication->runController()
#9 /mnt/hgfs/www/test/yii/framework/base/CApplication.php(180): CWebApplication->processRequest()
#10 /mnt/hgfs/www/test/yii/phpfun/index.php(16): CWebApplication->run()
REQUEST_URI=/yii/phpfun/index.php?r=Index/news/index
in /mnt/hgfs/www/test/yii/phpfun/protected/modules/Index/views/news/index.php (119)
in /mnt/hgfs/www/test/yii/phpfun/protected/modules/Index/controllers/NewsController.php (11)
in /mnt/hgfs/www/test/yii/phpfun/index.php (16)
2016/08/12 16:11:43 [error] [exception.CException] exception 'CException' with message 'Property "News.name" is not defined.' in /mnt/hgfs/www/test/yii/framework/base/CComponent.php:130
Stack trace:
#0 /mnt/hgfs/www/test/yii/framework/db/ar/CActiveRecord.php(145): CComponent->__get('name')
#1 /mnt/hgfs/www/test/yii/phpfun/protected/modules/Index/views/news/index.php(128): CActiveRecord->__get('name')
#2 /mnt/hgfs/www/test/yii/framework/web/CBaseController.php(126): require('/mnt/hgfs/www/t...')
#3 /mnt/hgfs/www/test/yii/framework/web/CBaseController.php(95): CBaseController->renderInternal('/mnt/hgfs/www/t...', Array, true)
#4 /mnt/hgfs/www/test/yii/framework/web/CController.php(869): CBaseController->renderFile('/mnt/hgfs/www/t...', Array, true)
#5 /mnt/hgfs/www/test/yii/framework/web/CController.php(782): CController->renderPartial('index', Array, true)
#6 /mnt/hgfs/www/test/yii/phpfun/protected/modules/Index/controllers/NewsController.php(22): CController->render('index', Array)
#7 /mnt/hgfs/www/test/yii/framework/web/actions/CInlineAction.php(49): NewsController->actionindex()
#8 /mnt/hgfs/www/test/yii/framework/web/CController.php(308): CInlineAction->runWithParams(Array)
#9 /mnt/hgfs/www/test/yii/framework/web/CController.php(286): CController->runAction(Object(CInlineAction))
#10 /mnt/hgfs/www/test/yii/framework/web/CController.php(265): CController->runActionWithFilters(Object(CInlineAction), Array)
#11 /mnt/hgfs/www/test/yii/framework/web/CWebApplication.php(282): CController->run('index')
#12 /mnt/hgfs/www/test/yii/framework/web/CWebApplication.php(141): CWebApplication->runController('Index/news/inde...')
#13 /mnt/hgfs/www/test/yii/framework/base/CApplication.php(180): CWebApplication->processRequest()
#14 /mnt/hgfs/www/test/yii/phpfun/index.php(16): CApplication->run()
#15 {main}
REQUEST_URI=/yii/phpfun/index.php?r=Index/news/index
---
2016/08/12 16:14:46 [error] [php] Undefined index: username (/mnt/hgfs/www/test/yii/phpfun/protected/modules/Index/controllers/NewsController.php:21)
Stack trace:
#0 /mnt/hgfs/www/test/yii/framework/web/CController.php(286): NewsController->runAction()
#1 /mnt/hgfs/www/test/yii/framework/web/CController.php(265): NewsController->runActionWithFilters()
#2 /mnt/hgfs/www/test/yii/framework/web/CWebApplication.php(282): NewsController->run()
#3 /mnt/hgfs/www/test/yii/framework/web/CWebApplication.php(141): CWebApplication->runController()
#4 /mnt/hgfs/www/test/yii/framework/base/CApplication.php(180): CWebApplication->processRequest()
#5 /mnt/hgfs/www/test/yii/phpfun/index.php(16): CWebApplication->run()
REQUEST_URI=/yii/phpfun/index.php?r=Index/news/index
in /mnt/hgfs/www/test/yii/phpfun/protected/modules/Index/controllers/NewsController.php (21)
in /mnt/hgfs/www/test/yii/phpfun/index.php (16)
2016/08/15 03:30:03 [error] [exception.CHttpException.404] exception 'CHttpException' with message 'Unable to resolve the request "register/index".' in /mnt/hgfs/project/framework/web/CWebApplication.php:286
Stack trace:
#0 /mnt/hgfs/project/framework/web/CWebApplication.php(141): CWebApplication->runController('register/index')
#1 /mnt/hgfs/project/framework/base/CApplication.php(180): CWebApplication->processRequest()
#2 /mnt/hgfs/project/phpfun/index.php(16): CApplication->run()
#3 {main}
REQUEST_URI=/phpfun/index.php?r=register/index
HTTP_REFERER=http://192.168.126.128/phpfun/index.php?r=Index/login/index
---
2016/08/15 03:31:10 [error] [exception.CHttpException.404] exception 'CHttpException' with message 'Unable to resolve the request "register/index".' in /mnt/hgfs/project/framework/web/CWebApplication.php:286
Stack trace:
#0 /mnt/hgfs/project/framework/web/CWebApplication.php(141): CWebApplication->runController('register/index')
#1 /mnt/hgfs/project/framework/base/CApplication.php(180): CWebApplication->processRequest()
#2 /mnt/hgfs/project/phpfun/index.php(16): CApplication->run()
#3 {main}
REQUEST_URI=/phpfun/index.php?r=register/index
HTTP_REFERER=http://192.168.126.128/phpfun/index.php?r=Index/login/index
---
2016/08/15 06:25:47 [error] [exception.CException] exception 'CException' with message 'Property "News.name" is not defined.' in /mnt/hgfs/project/framework/base/CComponent.php:130
Stack trace:
#0 /mnt/hgfs/project/framework/db/ar/CActiveRecord.php(145): CComponent->__get('name')
#1 /mnt/hgfs/project/phpfun/protected/modules/Index/views/news/index.php(128): CActiveRecord->__get('name')
#2 /mnt/hgfs/project/framework/web/CBaseController.php(126): require('/mnt/hgfs/proje...')
#3 /mnt/hgfs/project/framework/web/CBaseController.php(95): CBaseController->renderInternal('/mnt/hgfs/proje...', Array, true)
#4 /mnt/hgfs/project/framework/web/CController.php(869): CBaseController->renderFile('/mnt/hgfs/proje...', Array, true)
#5 /mnt/hgfs/project/framework/web/CController.php(782): CController->renderPartial('index', Array, true)
#6 /mnt/hgfs/project/phpfun/protected/modules/Index/controllers/NewsController.php(22): CController->render('index', Array)
#7 /mnt/hgfs/project/framework/web/actions/CInlineAction.php(49): NewsController->actionindex()
#8 /mnt/hgfs/project/framework/web/CController.php(308): CInlineAction->runWithParams(Array)
#9 /mnt/hgfs/project/framework/web/CController.php(286): CController->runAction(Object(CInlineAction))
#10 /mnt/hgfs/project/framework/web/CController.php(265): CController->runActionWithFilters(Object(CInlineAction), Array)
#11 /mnt/hgfs/project/framework/web/CWebApplication.php(282): CController->run('index')
#12 /mnt/hgfs/project/framework/web/CWebApplication.php(141): CWebApplication->runController('Index/news/inde...')
#13 /mnt/hgfs/project/framework/base/CApplication.php(180): CWebApplication->processRequest()
#14 /mnt/hgfs/project/phpfun/index.php(16): CApplication->run()
#15 {main}
REQUEST_URI=/phpfun/index.php?r=Index/news/index
---
2016/08/15 06:29:32 [error] [exception.CException] exception 'CException' with message 'Property "News.name" is not defined.' in /mnt/hgfs/project/framework/base/CComponent.php:130
Stack trace:
#0 /mnt/hgfs/project/framework/db/ar/CActiveRecord.php(145): CComponent->__get('name')
#1 /mnt/hgfs/project/phpfun/protected/modules/Index/views/news/index.php(128): CActiveRecord->__get('name')
#2 /mnt/hgfs/project/framework/web/CBaseController.php(126): require('/mnt/hgfs/proje...')
#3 /mnt/hgfs/project/framework/web/CBaseController.php(95): CBaseController->renderInternal('/mnt/hgfs/proje...', Array, true)
#4 /mnt/hgfs/project/framework/web/CController.php(869): CBaseController->renderFile('/mnt/hgfs/proje...', Array, true)
#5 /mnt/hgfs/project/framework/web/CController.php(782): CController->renderPartial('index', Array, true)
#6 /mnt/hgfs/project/phpfun/protected/modules/Index/controllers/NewsController.php(22): CController->render('index', Array)
#7 /mnt/hgfs/project/framework/web/actions/CInlineAction.php(49): NewsController->actionindex()
#8 /mnt/hgfs/project/framework/web/CController.php(308): CInlineAction->runWithParams(Array)
#9 /mnt/hgfs/project/framework/web/CController.php(286): CController->runAction(Object(CInlineAction))
#10 /mnt/hgfs/project/framework/web/CController.php(265): CController->runActionWithFilters(Object(CInlineAction), Array)
#11 /mnt/hgfs/project/framework/web/CWebApplication.php(282): CController->run('index')
#12 /mnt/hgfs/project/framework/web/CWebApplication.php(141): CWebApplication->runController('Index/news/inde...')
#13 /mnt/hgfs/project/framework/base/CApplication.php(180): CWebApplication->processRequest()
#14 /mnt/hgfs/project/phpfun/index.php(16): CApplication->run()
#15 {main}
REQUEST_URI=/phpfun/index.php?r=Index/news/index
---
2016/08/15 07:06:02 [error] [exception.CHttpException.404] exception 'CHttpException' with message 'Unable to resolve the request "index/login/Activation".' in /mnt/hgfs/project/framework/web/CWebApplication.php:286
Stack trace:
#0 /mnt/hgfs/project/framework/web/CWebApplication.php(141): CWebApplication->runController('index/login/Act...')
#1 /mnt/hgfs/project/framework/base/CApplication.php(180): CWebApplication->processRequest()
#2 /mnt/hgfs/project/phpfun/index.php(16): CApplication->run()
#3 {main}
REQUEST_URI=/phpfun/index.php?r=index/login/Activation
---
2016/08/15 07:06:06 [error] [exception.CHttpException.404] exception 'CHttpException' with message 'Unable to resolve the request "index/login/index".' in /mnt/hgfs/project/framework/web/CWebApplication.php:286
Stack trace:
#0 /mnt/hgfs/project/framework/web/CWebApplication.php(141): CWebApplication->runController('index/login/ind...')
#1 /mnt/hgfs/project/framework/base/CApplication.php(180): CWebApplication->processRequest()
#2 /mnt/hgfs/project/phpfun/index.php(16): CApplication->run()
#3 {main}
REQUEST_URI=/phpfun/index.php?r=index/login/index
---
2016/08/15 07:06:35 [error] [exception.CHttpException.404] exception 'CHttpException' with message 'Unable to resolve the request "index/login/index".' in /mnt/hgfs/project/framework/web/CWebApplication.php:286
Stack trace:
#0 /mnt/hgfs/project/framework/web/CWebApplication.php(141): CWebApplication->runController('index/login/ind...')
#1 /mnt/hgfs/project/framework/base/CApplication.php(180): CWebApplication->processRequest()
#2 /mnt/hgfs/project/phpfun/index.php(16): CApplication->run()
#3 {main}
REQUEST_URI=/phpfun/index.php?r=index/login/index
---
2016/08/15 07:07:14 [error] [exception.CHttpException.404] exception 'CHttpException' with message 'Unable to resolve the request "index/register/index".' in /mnt/hgfs/project/framework/web/CWebApplication.php:286
Stack trace:
#0 /mnt/hgfs/project/framework/web/CWebApplication.php(141): CWebApplication->runController('index/register/...')
#1 /mnt/hgfs/project/framework/base/CApplication.php(180): CWebApplication->processRequest()
#2 /mnt/hgfs/project/phpfun/index.php(16): CApplication->run()
#3 {main}
REQUEST_URI=/phpfun/index.php?r=index/register/index
---
2016/08/15 07:11:49 [error] [exception.CHttpException.404] exception 'CHttpException' with message 'Unable to resolve the request "admin/news/index".' in /mnt/hgfs/project/framework/web/CWebApplication.php:286
Stack trace:
#0 /mnt/hgfs/project/framework/web/CWebApplication.php(141): CWebApplication->runController('admin/news/inde...')
#1 /mnt/hgfs/project/framework/base/CApplication.php(180): CWebApplication->processRequest()
#2 /mnt/hgfs/project/phpfun/index.php(16): CApplication->run()
#3 {main}
REQUEST_URI=/phpfun/index.php?r=admin/news/index
---
2016/08/15 07:11:57 [error] [exception.CHttpException.404] exception 'CHttpException' with message 'Unable to resolve the request "admin/index/index".' in /mnt/hgfs/project/framework/web/CWebApplication.php:286
Stack trace:
#0 /mnt/hgfs/project/framework/web/CWebApplication.php(141): CWebApplication->runController('admin/index/ind...')
#1 /mnt/hgfs/project/framework/base/CApplication.php(180): CWebApplication->processRequest()
#2 /mnt/hgfs/project/phpfun/index.php(16): CApplication->run()
#3 {main}
REQUEST_URI=/phpfun/index.php?r=admin/index/index
---
2016/08/15 07:38:12 [error] [exception.CHttpException.404] exception 'CHttpException' with message 'Unable to resolve the request "Index".' in /mnt/hgfs/project/framework/web/CWebApplication.php:286
Stack trace:
#0 /mnt/hgfs/project/framework/web/CWebApplication.php(141): CWebApplication->runController('Index')
#1 /mnt/hgfs/project/framework/base/CApplication.php(180): CWebApplication->processRequest()
#2 /mnt/hgfs/project/phpfun/index.php(16): CApplication->run()
#3 {main}
REQUEST_URI=/phpfun/index.php?r=Index
HTTP_REFERER=http://192.168.126.128/phpfun/index.php?r=Index/register/Activation
---
2016/08/12 17:18:52 [error] [exception.CHttpException.404] exception 'CHttpException' with message 'Unable to resolve the request "index/news/index".' in /mnt/hgfs/virtual/total/framework/web/CWebApplication.php:286
Stack trace:
#0 /mnt/hgfs/virtual/total/framework/web/CWebApplication.php(141): CWebApplication->runController('')
#1 /mnt/hgfs/virtual/total/framework/base/CApplication.php(180): CWebApplication->processRequest()
#2 /mnt/hgfs/virtual/total/phpfun/index.php(16): CApplication->run()
#3 {main}
REQUEST_URI=/total/phpfun/
HTTP_REFERER=http://www.pjycf.com/total/
---
2016/08/12 17:26:56 [error] [php] Undefined index: id (/mnt/hgfs/virtual/total/phpfun/protected/modules/Index/controllers/NewsController.php:26)
Stack trace:
#0 /mnt/hgfs/virtual/total/framework/web/CController.php(286): NewsController->runAction()
#1 /mnt/hgfs/virtual/total/framework/web/CController.php(265): NewsController->runActionWithFilters()
#2 /mnt/hgfs/virtual/total/framework/web/CWebApplication.php(282): NewsController->run()
#3 /mnt/hgfs/virtual/total/framework/web/CWebApplication.php(141): CWebApplication->runController()
#4 /mnt/hgfs/virtual/total/framework/base/CApplication.php(180): CWebApplication->processRequest()
#5 /mnt/hgfs/virtual/total/phpfun/index.php(16): CWebApplication->run()
REQUEST_URI=/total/phpfun/index.php?r=Index/news/read
in /mnt/hgfs/virtual/total/phpfun/protected/modules/Index/controllers/NewsController.php (26)
in /mnt/hgfs/virtual/total/phpfun/index.php (16)
2016/08/12 17:59:22 [error] [exception.CException] exception 'CException' with message 'Property "User.activationCode" is not defined.' in /mnt/hgfs/virtual/PHPFun/framework/base/CComponent.php:173
Stack trace:
#0 /mnt/hgfs/virtual/PHPFun/framework/db/ar/CActiveRecord.php(161): CComponent->__set('activationCode', '1309cee0e3a135f...')
#1 /mnt/hgfs/virtual/PHPFun/phpfun/protected/modules/Index/controllers/RegisterController.php(19): CActiveRecord->__set('activationCode', '1309cee0e3a135f...')
#2 /mnt/hgfs/virtual/PHPFun/framework/web/actions/CInlineAction.php(49): Registercontroller->actionIndex()
#3 /mnt/hgfs/virtual/PHPFun/framework/web/CController.php(308): CInlineAction->runWithParams(Array)
#4 /mnt/hgfs/virtual/PHPFun/framework/web/CController.php(286): CController->runAction(Object(CInlineAction))
#5 /mnt/hgfs/virtual/PHPFun/framework/web/CController.php(265): CController->runActionWithFilters(Object(CInlineAction), Array)
#6 /mnt/hgfs/virtual/PHPFun/framework/web/CWebApplication.php(282): CController->run('index')
#7 /mnt/hgfs/virtual/PHPFun/framework/web/CWebApplication.php(141): CWebApplication->runController('Index/register/...')
#8 /mnt/hgfs/virtual/PHPFun/framework/base/CApplication.php(180): CWebApplication->processRequest()
#9 /mnt/hgfs/virtual/PHPFun/phpfun/index.php(16): CApplication->run()
#10 {main}
REQUEST_URI=/PHPFun/phpfun/index.php?r=Index/register/index
HTTP_REFERER=http://www.pjycf.com/PHPFun/phpfun/index.php?r=Index/register/index
---
2016/08/12 18:14:14 [error] [php] Undefined offset: 0 (/mnt/hgfs/virtual/PHPFun/phpfun/protected/modules/Index/views/news/read.php:122)
Stack trace:
#0 /mnt/hgfs/virtual/PHPFun/framework/web/CController.php(869): NewsController->renderFile()
#1 /mnt/hgfs/virtual/PHPFun/framework/web/CController.php(782): NewsController->renderPartial()
#2 /mnt/hgfs/virtual/PHPFun/phpfun/protected/modules/Index/controllers/NewsController.php(27): NewsController->render()
#3 /mnt/hgfs/virtual/PHPFun/framework/web/actions/CInlineAction.php(49): NewsController->actionread()
#4 /mnt/hgfs/virtual/PHPFun/framework/web/CController.php(308): CInlineAction->runWithParams()
#5 /mnt/hgfs/virtual/PHPFun/framework/web/CController.php(286): NewsController->runAction()
#6 /mnt/hgfs/virtual/PHPFun/framework/web/CController.php(265): NewsController->runActionWithFilters()
#7 /mnt/hgfs/virtual/PHPFun/framework/web/CWebApplication.php(282): NewsController->run()
#8 /mnt/hgfs/virtual/PHPFun/framework/web/CWebApplication.php(141): CWebApplication->runController()
#9 /mnt/hgfs/virtual/PHPFun/framework/base/CApplication.php(180): CWebApplication->processRequest()
#10 /mnt/hgfs/virtual/PHPFun/phpfun/index.php(16): CWebApplication->run()
REQUEST_URI=/PHPFun/phpfun/index.php?r=Index/news/read&&id=37
in /mnt/hgfs/virtual/PHPFun/phpfun/protected/modules/Index/views/news/read.php (122)
in /mnt/hgfs/virtual/PHPFun/phpfun/protected/modules/Index/controllers/NewsController.php (27)
in /mnt/hgfs/virtual/PHPFun/phpfun/index.php (16)
2016/08/12 18:14:18 [error] [php] Undefined index: id (/mnt/hgfs/virtual/PHPFun/phpfun/protected/modules/Index/controllers/NewsController.php:26)
Stack trace:
#0 /mnt/hgfs/virtual/PHPFun/framework/web/CController.php(286): NewsController->runAction()
#1 /mnt/hgfs/virtual/PHPFun/framework/web/CController.php(265): NewsController->runActionWithFilters()
#2 /mnt/hgfs/virtual/PHPFun/framework/web/CWebApplication.php(282): NewsController->run()
#3 /mnt/hgfs/virtual/PHPFun/framework/web/CWebApplication.php(141): CWebApplication->runController()
#4 /mnt/hgfs/virtual/PHPFun/framework/base/CApplication.php(180): CWebApplication->processRequest()
#5 /mnt/hgfs/virtual/PHPFun/phpfun/index.php(16): CWebApplication->run()
REQUEST_URI=/PHPFun/phpfun/index.php?r=Index/news/read
in /mnt/hgfs/virtual/PHPFun/phpfun/protected/modules/Index/controllers/NewsController.php (26)
in /mnt/hgfs/virtual/PHPFun/phpfun/index.php (16)
2016/08/12 18:25:54 [error] [exception.CHttpException.404] exception 'CHttpException' with message 'Unable to resolve the request "Admin/site/detail".' in /mnt/hgfs/virtual/PHPFun/framework/web/CWebApplication.php:286
Stack trace:
#0 /mnt/hgfs/virtual/PHPFun/framework/web/CWebApplication.php(141): CWebApplication->runController('Admin/site/deta...')
#1 /mnt/hgfs/virtual/PHPFun/framework/base/CApplication.php(180): CWebApplication->processRequest()
#2 /mnt/hgfs/virtual/PHPFun/phpfun/index.php(16): CApplication->run()
#3 {main}
REQUEST_URI=/PHPFun/phpfun/index.php?r=Admin/site/detail&id=40
HTTP_REFERER=http://www.pjycf.com/PHPFun/phpfun/index.php?r=Admin/news/index
---
